querying sd_load_based_moves_total
warning: sd_load_based_moves_total: <urlopen error [Errno 111] Connection refused>
querying sd_load_based_moves_rate_1m
warning: sd_load_based_moves_rate_1m: <urlopen error [Errno 111] Connection refused>
querying sd_moved_shard_load
warning: sd_moved_shard_load: <urlopen error [Errno 111] Connection refused>
querying sd_moved_shard_load_total
warning: sd_moved_shard_load_total: <urlopen error [Errno 111] Connection refused>
querying sd_assignment_load_max_over_mean
warning: sd_assignment_load_max_over_mean: <urlopen error [Errno 111] Connection refused>
querying sd_assignment_load_cv
warning: sd_assignment_load_cv: <urlopen error [Errno 111] Connection refused>
querying sd_assignment_smoothed_load_max_over_mean
warning: sd_assignment_smoothed_load_max_over_mean: <urlopen error [Errno 111] Connection refused>
querying sd_assignment_smoothed_load_cv
warning: sd_assignment_smoothed_load_cv: <urlopen error [Errno 111] Connection refused>
querying sd_assignment_smoothed_load_missing_ratio
warning: sd_assignment_smoothed_load_missing_ratio: <urlopen error [Errno 111] Connection refused>
querying sd_assignment_smoothed_load_stale_ratio
warning: sd_assignment_smoothed_load_stale_ratio: <urlopen error [Errno 111] Connection refused>
querying sd_total_executors
warning: sd_total_executors: <urlopen error [Errno 111] Connection refused>
querying sd_active_shards
warning: sd_active_shards: <urlopen error [Errno 111] Connection refused>
querying sd_oldest_executor_heartbeat_lag
warning: sd_oldest_executor_heartbeat_lag: <urlopen error [Errno 111] Connection refused>
querying sd_executor_owned_shards
warning: sd_executor_owned_shards: <urlopen error [Errno 111] Connection refused>
querying sd_executor_heartbeat_skipped_total
warning: sd_executor_heartbeat_skipped_total: <urlopen error [Errno 111] Connection refused>
querying sd_executor_shards_started_total
warning: sd_executor_shards_started_total: <urlopen error [Errno 111] Connection refused>
querying sd_executor_shards_stopped_total
warning: sd_executor_shards_stopped_total: <urlopen error [Errno 111] Connection refused>
querying sd_executor_processor_creation_failures_total
warning: sd_executor_processor_creation_failures_total: <urlopen error [Errno 111] Connection refused>
querying sd_executor_processor_start_timeout_total
warning: sd_executor_processor_start_timeout_total: <urlopen error [Errno 111] Connection refused>
querying sd_executor_processor_stop_timeout_total
warning: sd_executor_processor_stop_timeout_total: <urlopen error [Errno 111] Connection refused>
querying sd_executor_client_requests_total
warning: sd_executor_client_requests_total: <urlopen error [Errno 111] Connection refused>
querying sd_executor_client_failures_total
warning: sd_executor_client_failures_total: <urlopen error [Errno 111] Connection refused>
querying sd_store_requests_total
warning: sd_store_requests_total: <urlopen error [Errno 111] Connection refused>
querying sd_store_failures_total
warning: sd_store_failures_total: <urlopen error [Errno 111] Connection refused>
querying sd_watch_events_received_total
warning: sd_watch_events_received_total: <urlopen error [Errno 111] Connection refused>
querying sd_is_leader
warning: sd_is_leader: <urlopen error [Errno 111] Connection refused>
querying matching_gomaxprocs
warning: matching_gomaxprocs: <urlopen error [Errno 111] Connection refused>
querying matching_addtask_request_rate_1m
warning: matching_addtask_request_rate_1m: <urlopen error [Errno 111] Connection refused>
querying matching_addtask_error_rate_1m
warning: matching_addtask_error_rate_1m: <urlopen error [Errno 111] Connection refused>
querying matching_task_backlog
warning: matching_task_backlog: <urlopen error [Errno 111] Connection refused>
querying matching_task_lag
warning: matching_task_lag: <urlopen error [Errno 111] Connection refused>
querying matching_estimated_add_task_qps
warning: matching_estimated_add_task_qps: <urlopen error [Errno 111] Connection refused>
querying matching_addtask_p95_latency_ns_by_instance
warning: matching_addtask_p95_latency_ns_by_instance: <urlopen error [Errno 111] Connection refused>
querying matching_service_p95_latency_ns_by_operation
warning: matching_service_p95_latency_ns_by_operation: <urlopen error [Errno 111] Connection refused>
querying sd_service_p95_latency_ns_by_operation
warning: sd_service_p95_latency_ns_by_operation: <urlopen error [Errno 111] Connection refused>
querying sd_shard_assignment_distribution_p95_latency
warning: sd_shard_assignment_distribution_p95_latency: <urlopen error [Errno 111] Connection refused>
querying sd_shard_handover_p95_latency
warning: sd_shard_handover_p95_latency: <urlopen error [Errno 111] Connection refused>
querying sd_watch_processing_p95_latency
warning: sd_watch_processing_p95_latency: <urlopen error [Errno 111] Connection refused>
completed with 38 query errors; see metadata.json
